./Commandes/eject.c:22: MAJOR:C-L5
./Commandes/eject.c:23: MINOR:C-L6
./Commandes/eject.c:32: MAJOR:C-F4
./Commandes/eject.c:32: MINOR:C-F8
./Commandes/eject.c:33: MAJOR:C-F4
./Commandes/eject.c:34: MAJOR:C-C1
./Commandes/eject.c:34: MAJOR:C-F4
./Commandes/eject.c:34: MINOR:C-F8
./Commandes/eject.c:35: MAJOR:C-F4
./Commandes/eject.c:36: MAJOR:C-C1
./Commandes/eject.c:36: MAJOR:C-F4
./Commandes/eject.c:36: MINOR:C-F8
./Commandes/eject.c:37: MAJOR:C-F4
./Commandes/eject.c:38: MAJOR:C-C1
./Commandes/eject.c:38: MAJOR:C-F4
./Commandes/eject.c:38: MINOR:C-F8
./Commandes/eject.c:39: MAJOR:C-F4
./Commandes/eject.c:40: MAJOR:C-F4
./Commandes/eject.c:41: MAJOR:C-F4
./Commandes/eject.c:41: MAJOR:C-L1
./Commandes/eject.c:42: MAJOR:C-F4
./Commandes/eject.c:43: MAJOR:C-F4
./Commandes/eject.c:44: MAJOR:C-F4
./Commandes/eject.c:45: MAJOR:C-F4
./Commandes/eject.c:45: MINOR:C-L6
./Commandes/eject.c:46: MAJOR:C-F4
./Commandes/eject.c:47: MAJOR:C-F4
./Commandes/eject.c:48: MAJOR:C-F4
./Commandes/eject.c:49: MAJOR:C-F4
./Commandes/forward.c:18: MAJOR:C-C1
./Commandes/forward.c:28: MAJOR:C-C1
./Commandes/forward.c:30: MAJOR:C-C1
./Commandes/forward.c:32: MAJOR:C-F4
./Commandes/forward.c:33: MAJOR:C-F4
./Commandes/forward.c:33: MAJOR:C-L1
./Commandes/forward.c:34: MAJOR:C-F4
./Commandes/inventory.c:20: MAJOR:C-L5
./Commandes/look.c:18: MINOR:C-L6
./Commandes/look.c:26: MAJOR:C-L5
./Commandes/look.c:27: MAJOR:C-L5
./Commandes/look.c:28: MINOR:C-L6
./Commandes/look.c:29: MAJOR:C-C1
./Commandes/look.c:32: MAJOR:C-C1
./Commandes/look.c:32: MAJOR:C-F4
./Commandes/look.c:33: MAJOR:C-F4
./Commandes/look.c:34: MAJOR:C-F4
./Commandes/look.c:35: MAJOR:C-C1
./Commandes/look.c:35: MAJOR:C-F4
./Commandes/look.c:36: MAJOR:C-F4
./Commandes/look.c:37: MAJOR:C-F4
./Commandes/look.c:38: MAJOR:C-C1
./Commandes/look.c:38: MAJOR:C-F4
./Commandes/look.c:39: MAJOR:C-F4
./Commandes/look.c:40: MAJOR:C-F4
./Commandes/look.c:41: MAJOR:C-F4
./Commandes/look.c:42: MAJOR:C-F4
./Commandes/look.c:42: MINOR:C-L6
./Commandes/look.c:43: MAJOR:C-F4
./Commandes/look.c:43: MAJOR:C-L5
./Commandes/look.c:44: MAJOR:C-C1
./Commandes/look.c:44: MAJOR:C-F4
./Commandes/look.c:45: MAJOR:C-F4
./Commandes/look.c:46: MAJOR:C-F4
./Commandes/look.c:47: MAJOR:C-F4
./Commandes/look.c:47: MINOR:C-L6
./Commandes/look.c:48: MAJOR:C-C1
./Commandes/look.c:48: MAJOR:C-F4
./Commandes/look.c:49: MAJOR:C-F4
./Commandes/look.c:50: MAJOR:C-F4
./Commandes/look.c:50: MINOR:C-L6
./Commandes/look.c:51: MAJOR:C-C1
./Commandes/look.c:51: MAJOR:C-F4
./Commandes/look.c:52: MAJOR:C-C1
./Commandes/look.c:52: MAJOR:C-F4
./Commandes/look.c:53: MAJOR:C-F4
./Commandes/look.c:54: MAJOR:C-F4
./Commandes/look.c:55: MAJOR:C-F4
./Commandes/look.c:56: MAJOR:C-F4
./Commandes/look.c:57: MAJOR:C-F4
./Commandes/look.c:57: MINOR:C-L6
./Commandes/look.c:58: MAJOR:C-F4
./Commandes/look.c:58: MAJOR:C-L5
./Commandes/look.c:59: MAJOR:C-C1
./Commandes/look.c:59: MAJOR:C-F4
./Commandes/look.c:60: MAJOR:C-F4
./Commandes/look.c:61: MAJOR:C-F4
./Commandes/look.c:62: MAJOR:C-F4
./Commandes/look.c:63: MAJOR:C-F4
./Commandes/look.c:63: MINOR:C-L6
./Commandes/look.c:64: MAJOR:C-F4
./Commandes/look.c:65: MAJOR:C-F4
./handle_cmd.c:11: MAJOR:C-G4
./handle_cmd.c:26: MAJOR:C-G4
./handle_cmd.c:32: MINOR:C-L6
./handle_cmd.c:34: MINOR:C-L6
./handle_cmd.c:35: MAJOR:C-L5
./handle_cmd.c:36: MAJOR:C-L1
./handle_cmd.c:38: MAJOR:C-L1
./handle_cmd.c:41: MAJOR:C-L5
./handle_cmd.c:43: MAJOR:C-C1
./handle_cmd.c:45: MINOR:C-L6
./handle_cmd.c:49: MAJOR:C-F3
./handle_cmd.c:50: MAJOR:C-F4
./handle_cmd.c:51: MAJOR:C-F4
./handle_cmd.c:52: MAJOR:C-F4
./handle_cmd.c:53: MAJOR:C-F4
./handle_cmd.c:54: MAJOR:C-F4
./handle_cmd.c:59: MINOR:C-G2
./handle_cmd.c:59: MINOR:C-V3
./handle_cmd.c:64: MAJOR:C-C1
./handle_cmd.c:64: MAJOR:C-F3
./handle_cmd.c:65: MAJOR:C-C1
./handle_cmd.c:65: MAJOR:C-F3
./handle_cmd.c:77: MAJOR:C-C1
./handle_cmd.c:81: MAJOR:C-F4
./handle_cmd.c:82: MAJOR:C-F4
./handle_cmd.c:83: MAJOR:C-F4
./handle_cmd.c:86: MINOR:C-G8
./main.c:63: MAJOR:C-L1
./main.c:68: MAJOR:C-L1
./main.c:69: MAJOR:C-C1
./main.c:70: MAJOR:C-L1
./main.c:71: MAJOR:C-C1
./main.c:72: MAJOR:C-L1
./main.c:73: MAJOR:C-C1
./main.c:73: MINOR:C-L2
./main.c:77: MAJOR:C-C1
./main.c:81: MAJOR:C-C1
./main.c:81: MAJOR:C-F3
./main.c:82: MAJOR:C-F3
./main.c:82: MAJOR:C-F4
./main.c:83: MAJOR:C-F4
./main.c:84: MAJOR:C-F4
./main.c:85: MAJOR:C-F4
./main.c:86: MAJOR:C-F4
./main.c:87: MAJOR:C-F4
./main.c:88: MAJOR:C-F4
./main.c:88: MINOR:C-L2
./main.c:88: MINOR:C-L4
./main.c:89: MAJOR:C-C1
./main.c:89: MAJOR:C-F4
./main.c:89: MINOR:C-L2
./main.c:90: MAJOR:C-F4
./main.c:90: MAJOR:C-L1
./main.c:91: MAJOR:C-C1
./main.c:91: MAJOR:C-F4
./main.c:92: MAJOR:C-F4
./main.c:92: MAJOR:C-L1
./main.c:93: MAJOR:C-C1
./main.c:93: MAJOR:C-F4
./main.c:94: MAJOR:C-F4
./main.c:95: MAJOR:C-F4
./main.c:96: MAJOR:C-F4
./main.c:97: MAJOR:C-F4
./main.c:98: MAJOR:C-F4
./main.c:99: MAJOR:C-F3
./main.c:99: MAJOR:C-F4
./main.c:100: MAJOR:C-F4
./main.c:101: MAJOR:C-F4
./main.c:102: MAJOR:C-F4
./main.c:103: MAJOR:C-F4
./main.c:104: MAJOR:C-F4
./main.c:105: MAJOR:C-F4
./main.c:106: MAJOR:C-F4
./main.c:107: MAJOR:C-F4
./main.c:108: MAJOR:C-F4
./main.c:109: MAJOR:C-F4
./main.c:110: MAJOR:C-F4
./main.c:111: MAJOR:C-F4
./main.c:112: MAJOR:C-F4
./main.c:113: MAJOR:C-F4
./main.c:114: MAJOR:C-F4
./main.c:115: MAJOR:C-F4
./main.c:116: MAJOR:C-F4
./main.c:117: MAJOR:C-F4
./main.c:118: MAJOR:C-F4
./player_management.c:15: MINOR:C-L3
./player_management.c:24: MINOR:C-F2
./player_management.c:46: MAJOR:C-F4
./player_management.c:47: MAJOR:C-F4
./player_management.c:48: MAJOR:C-F4
./player_management.c:49: MAJOR:C-F4
./player_management.c:50: MAJOR:C-F4
./player_management.c:51: MAJOR:C-F4
./player_management.c:52: MAJOR:C-F4
./player_management.c:53: MAJOR:C-F4
./player_management.c:53: MINOR:C-G7
./player_management.c:54: MAJOR:C-F4
./player_management.c:55: MAJOR:C-F4
./player_management.c:56: MAJOR:C-F4
./player_management.c:57: MAJOR:C-F4
./player_management.c:58: MAJOR:C-F4
./player_management.c:59: MAJOR:C-F4
./player_management.c:60: MAJOR:C-F4
./player_management.c:60: MAJOR:C-L1
./player_management.c:61: MAJOR:C-F4
./player_management.c:62: MAJOR:C-F4
./player_management.c:63: MAJOR:C-F4
./player_management.c:64: MAJOR:C-F4
./player_management.c:65: MAJOR:C-F4
./player_management.c:66: MAJOR:C-F4
./player_management.c:74: MINOR:C-L6
./player_management.c:75: MAJOR:C-L5
./player_management.c:76: MINOR:C-L6
./player_management.c:79: MINOR:C-G7
./player_management.c:79: MINOR:C-L6
./player_management.c:80: MAJOR:C-C1
./player_management.c:81: MINOR:C-G7
./player_management.c:82: MINOR:C-G7
./player_management.c:82: MINOR:C-L6
./player_management.c:83: MAJOR:C-C1
./player_management.c:84: MINOR:C-G7
./player_management.c:85: MAJOR:C-C1
./player_management.c:86: MINOR:C-G7
./player_management.c:86: MINOR:C-L6
./player_management.c:87: MAJOR:C-L5
./player_management.c:91: MAJOR:C-F4
./player_management.c:92: MAJOR:C-F4
./player_management.c:93: MAJOR:C-F4
./player_management.c:94: MAJOR:C-F4
./player_management.c:95: MAJOR:C-F4
./player_management.c:96: MAJOR:C-F4
./player_management.c:99: MINOR:C-L4
./player_management.c:100: MINOR:C-G2
./player_management.c:100: MINOR:C-L4
./socket.c:66: MINOR:C-L6
./socket.c:81: MINOR:C-G2
./socket.c:86: MAJOR:C-O3
./socket.c:96: MINOR:C-L6
./socket.c:106: MINOR:C-G2
./socket.c:106: MAJOR:C-O3
./socket.c:110: MAJOR:C-L5
./socket.c:124: MAJOR:C-O3
./socket.c:131: MAJOR:C-O3
./socket.c:136: MAJOR:C-L5
./socket.c:138: MAJOR:C-F3
./socket.c:142: MINOR:C-L4
./socket.c:142: MAJOR:C-O3
./socket.c:144: MAJOR:C-F3
./socket.c:144: MINOR:C-L6
./socket.c:145: MAJOR:C-L1
./socket.c:150: MINOR:C-G2
./socket.c:150: MAJOR:C-O3
./socket.c:154: MINOR:C-L6
./socket.c:156: MINOR:C-L6
./socket.c:160: MAJOR:C-C1
./socket.c:169: MINOR:C-L6
./socket.c:172: MAJOR:C-F4
./socket.c:173: MAJOR:C-F4
./socket.c:173: MINOR:C-L6
./socket.c:174: MAJOR:C-F4
./socket.c:174: MAJOR:C-L5
./socket.c:175: MAJOR:C-F4
./socket.c:176: MAJOR:C-F4
./socket.c:177: MAJOR:C-F4
./socket.c:178: MAJOR:C-F4
./socket.c:179: MAJOR:C-F4
./socket.c:180: MAJOR:C-F4
./socket.c:181: MAJOR:C-F4
./socket.c:181: MINOR:C-L6
./socket.c:182: MAJOR:C-F4
./socket.c:183: MAJOR:C-F4
./socket.c:184: MAJOR:C-F4
./socket.c:185: MAJOR:C-F4
./socket.c:186: MAJOR:C-F4
./socket.c:187: MAJOR:C-F4
./socket.c:188: MAJOR:C-F4
./socket.c:189: MAJOR:C-F4
./socket.c:189: MINOR:C-L6
./socket.c:190: MAJOR:C-F4
./socket.c:190: MINOR:C-F8
./socket.c:191: MAJOR:C-F4
./socket.c:192: MAJOR:C-F4
./socket.c:193: MAJOR:C-F4
./socket.c:194: MAJOR:C-F4
./socket.c:195: MAJOR:C-F3
./socket.c:195: MAJOR:C-F4
./socket.c:196: MAJOR:C-F4
./socket.c:197: MAJOR:C-F4
./socket.c:198: MAJOR:C-F4
./socket.c:199: MAJOR:C-F4
./socket.c:200: MAJOR:C-F4
./socket.c:201: MAJOR:C-F4
./socket.c:202: MAJOR:C-F4
./socket.c:202: MINOR:C-L6
./socket.c:203: MAJOR:C-F4
./socket.c:203: MINOR:C-F8
./socket.c:204: MAJOR:C-F4
./socket.c:205: MAJOR:C-F4
./socket.c:206: MAJOR:C-F4
./socket.c:206: MINOR:C-L6
./socket.c:207: MAJOR:C-F4
./socket.c:207: MAJOR:C-L5
./socket.c:208: MAJOR:C-F4
./socket.c:209: MAJOR:C-F3
./socket.c:209: MAJOR:C-F4
./socket.c:210: MAJOR:C-C1
./socket.c:210: MAJOR:C-F4
./socket.c:211: MAJOR:C-F4
./socket.c:212: MAJOR:C-F4
./socket.c:213: MAJOR:C-F4
./socket.c:214: MAJOR:C-F4
./socket.c:215: MAJOR:C-F4
./socket.c:216: MAJOR:C-F4
./socket.c:217: MAJOR:C-F4
./socket.c:218: MAJOR:C-F4
./socket.c:219: MAJOR:C-F4
./socket.c:220: MAJOR:C-F4
./socket.c:221: MAJOR:C-F4
./socket.c:222: MAJOR:C-F4
./socket.c:223: MAJOR:C-F4
./socket.c:223: MINOR:C-L6
./socket.c:224: MAJOR:C-F3
./socket.c:224: MAJOR:C-F4
./socket.c:225: MAJOR:C-F4
./socket.c:226: MAJOR:C-F4
./socket.c:226: MINOR:C-L6
./socket.c:227: MAJOR:C-F4
./socket.c:227: MAJOR:C-L5
./socket.c:228: MAJOR:C-F4
./socket.c:229: MAJOR:C-F4
./socket.c:230: MAJOR:C-F4
./socket.c:231: MAJOR:C-F4
./socket.c:232: MAJOR:C-F4
./socket.c:233: MAJOR:C-F4
./socket.c:234: MAJOR:C-F4
./socket.c:235: MAJOR:C-F4
./socket.c:236: MAJOR:C-F4
./socket.c:236: MINOR:C-L6
./socket.c:237: MAJOR:C-F4
./socket.c:238: MAJOR:C-F4
./socket.c:238: MINOR:C-L6
./socket.c:239: MAJOR:C-F4
./socket.c:239: MAJOR:C-L5
./socket.c:240: MAJOR:C-F3
./socket.c:240: MAJOR:C-F4
./socket.c:240: MAJOR:C-L5
./socket.c:241: MAJOR:C-F4
./socket.c:242: MAJOR:C-F4
./socket.c:243: MAJOR:C-F4
./socket.c:243: MINOR:C-L6
./socket.c:244: MAJOR:C-F4
./socket.c:245: MAJOR:C-F4
./socket.c:245: MINOR:C-L2
./socket.c:246: MAJOR:C-F4
./socket.c:247: MAJOR:C-F4
./socket.c:248: MAJOR:C-F4
./socket.c:248: MINOR:C-L6
./socket.c:249: MAJOR:C-F4
./socket.c:249: MINOR:C-F8
./socket.c:250: MAJOR:C-F4
./socket.c:251: MAJOR:C-F3
./socket.c:251: MAJOR:C-F4
./socket.c:252: MAJOR:C-F4
./socket.c:253: MAJOR:C-F4
./socket.c:254: MAJOR:C-F3
./socket.c:254: MAJOR:C-F4
./socket.c:255: MAJOR:C-F4
./socket.c:256: MAJOR:C-F4
./socket.c:262: MINOR:C-G2
./socket.c:262: MAJOR:C-O3
./socket.c:268: MINOR:C-L6
./socket.c:276: MAJOR:C-C1
./socket.c:277: MAJOR:C-L5
./socket.c:278: MAJOR:C-C1
./socket.c:282: MAJOR:C-C1
./socket.c:283: MAJOR:C-C1
./socket.c:284: MAJOR:C-F4
./socket.c:285: MAJOR:C-F4
./socket.c:286: MAJOR:C-F4
./socket.c:287: MAJOR:C-F4
./socket.c:288: MAJOR:C-F4
./socket.c:289: MAJOR:C-F4
./socket.c:290: MAJOR:C-F4
./socket.c:293: MAJOR:C-O3
./socket.c:301: MINOR:C-G7
./socket.c:315: MINOR:C-G2
./socket.c:315: MAJOR:C-O3
./socket.c:328: MAJOR:C-O3
./socket.c:340: MAJOR:C-O3
./socket.c:353: MAJOR:C-O3
./socket.c:366: MINOR:C-G2
./socket.c:366: MAJOR:C-O3
./socket.c:377: MAJOR:C-O3
./socket.c:390: MAJOR:C-O3
./socket.c:393: MINOR:C-L2
./socket.c:394: MAJOR:C-L5
./socket.c:395: MAJOR:C-L5
./socket.c:396: MAJOR:C-C1
./socket.c:397: MAJOR:C-C1
./socket.c:398: MAJOR:C-C1
./socket.c:404: MAJOR:C-L5
./socket.c:405: MAJOR:C-C1
./socket.c:408: MINOR:C-L6
./socket.c:410: MINOR:C-L2
./socket.c:414: MINOR:C-G7
./socket.c:420: MINOR:C-G2
./socket.c:420: MAJOR:C-O3
./socket.c:427: MAJOR:C-O3
./socket.c:432: MINOR:C-L6
./socket.c:437: MINOR:C-L6
./socket.c:447: MAJOR:C-O3
./socket.c:458: MAJOR:C-L5
./socket.c:459: MAJOR:C-L5
./socket.c:465: MAJOR:C-L5
./socket.c:466: MAJOR:C-L5
./socket.c:469: MAJOR:C-F4
./socket.c:470: MAJOR:C-F4
